<?xml version="1.0" encoding="UTF-8"?>
<!-- Generated by org.testng.reporters.JUnitReportReporter -->
<testsuite skipped="0" hostname="DESKTOP-TVV01JP" name="com.guru99.qa.testcases.DepositPageTest" tests="2" failures="0" timestamp="03 Feb 2018 14:34:41 GMT" time="34.269" errors="0">
  <testcase name="DepositPageTitleTest" time="19.031" classname="com.guru99.qa.testcases.DepositPageTest"/>
  <testcase name="DepositePageLabelTest" time="15.238" classname="com.guru99.qa.testcases.DepositPageTest"/>
</testsuite> <!-- com.guru99.qa.testcases.DepositPageTest -->
