<?xml version="1.0" encoding="UTF-8"?>
<!-- Generated by org.testng.reporters.JUnitReportReporter -->
<testsuite skipped="0" hostname="DESKTOP-TVV01JP" name="com.guru99.qa.testcases.NewCustomerPageTest" tests="5" failures="0" timestamp="05 Feb 2018 20:44:13 GMT" time="95.079" errors="0">
  <testcase name="CreateNewCustomerTest" time="25.450" classname="com.guru99.qa.testcases.NewCustomerPageTest"/>
  <testcase name="CreateNewCustomerTest" time="15.396" classname="com.guru99.qa.testcases.NewCustomerPageTest"/>
  <testcase name="CreateNewCustomerTest" time="17.821" classname="com.guru99.qa.testcases.NewCustomerPageTest"/>
  <testcase name="CreateNewCustomerTest" time="19.908" classname="com.guru99.qa.testcases.NewCustomerPageTest"/>
  <testcase name="CreateNewCustomerTest" time="16.504" classname="com.guru99.qa.testcases.NewCustomerPageTest"/>
</testsuite> <!-- com.guru99.qa.testcases.NewCustomerPageTest -->
