<?xml version="1.0" encoding="UTF-8"?>
<!-- Generated by org.testng.reporters.JUnitReportReporter -->
<testsuite skipped="0" hostname="DESKTOP-TVV01JP" name="com.guru99.qa.testcases.ManagerPageTest" tests="2" failures="0" timestamp="03 Feb 2018 14:34:41 GMT" time="55.276" errors="0">
  <testcase name="ManagerPageTitleTest" time="38.519" classname="com.guru99.qa.testcases.ManagerPageTest"/>
  <testcase name="LoggedUserTitleTest" time="16.757" classname="com.guru99.qa.testcases.ManagerPageTest"/>
</testsuite> <!-- com.guru99.qa.testcases.ManagerPageTest -->
