<?xml version="1.0" encoding="UTF-8"?>
<!-- Generated by org.testng.reporters.JUnitReportReporter -->
<testsuite skipped="0" hostname="DESKTOP-TVV01JP" name="com.guru99.qa.testcases.LoginPageTest" tests="3" failures="0" timestamp="21 Feb 2018 18:02:39 GMT" time="56.826" errors="0">
  <testcase name="LoginTitleTest" time="21.552" classname="com.guru99.qa.testcases.LoginPageTest"/>
  <testcase name="LoginLogoTest" time="14.156" classname="com.guru99.qa.testcases.LoginPageTest"/>
  <testcase name="successfulLoginTest" time="21.118" classname="com.guru99.qa.testcases.LoginPageTest"/>
</testsuite> <!-- com.guru99.qa.testcases.LoginPageTest -->
