<?xml version="1.0" encoding="UTF-8"?>
<!-- Generated by org.testng.reporters.JUnitReportReporter -->
<testsuite skipped="0" hostname="DESKTOP-TVV01JP" name="com.guru99.qa.testcases.DepositPageTest" tests="2" failures="0" timestamp="10 Feb 2018 15:56:57 GMT" time="34.320" errors="0">
  <testcase name="DepositPageTitleTest" time="16.997" classname="com.guru99.qa.testcases.DepositPageTest"/>
  <testcase name="DepositePageLabelTest" time="17.323" classname="com.guru99.qa.testcases.DepositPageTest"/>
</testsuite> <!-- com.guru99.qa.testcases.DepositPageTest -->
