<?xml version="1.0" encoding="UTF-8"?>
<!-- Generated by org.testng.reporters.JUnitReportReporter -->
<testsuite skipped="0" hostname="DESKTOP-TVV01JP" name="com.guru99.qa.testcases.NewCustomerPageTest" tests="1" failures="0" timestamp="08 Feb 2018 13:57:00 GMT" time="56.972" errors="0">
  <testcase name="CreateNewCustomerTest" time="56.972" classname="com.guru99.qa.testcases.NewCustomerPageTest"/>
</testsuite> <!-- com.guru99.qa.testcases.NewCustomerPageTest -->
