<?xml version="1.0" encoding="UTF-8"?>
<!-- Generated by org.testng.reporters.JUnitReportReporter -->
<testsuite skipped="0" hostname="DESKTOP-TVV01JP" name="com.guru99.qa.testcases.ManagerPageTest" tests="2" failures="0" timestamp="05 Feb 2018 17:00:30 GMT" time="36.033" errors="0">
  <testcase name="ManagerPageTitleTest" time="15.142" classname="com.guru99.qa.testcases.ManagerPageTest"/>
  <testcase name="LoggedUserTitleTest" time="20.891" classname="com.guru99.qa.testcases.ManagerPageTest"/>
</testsuite> <!-- com.guru99.qa.testcases.ManagerPageTest -->
