<?xml version="1.0" encoding="UTF-8"?>
<!-- Generated by org.testng.reporters.JUnitReportReporter -->
<testsuite skipped="0" hostname="DESKTOP-TVV01JP" name="com.guru99.qa.testcases.LoginPageTest" tests="3" failures="0" timestamp="03 Feb 2018 14:34:41 GMT" time="41.262" errors="0">
  <testcase name="LoginTitleTest" time="14.727" classname="com.guru99.qa.testcases.LoginPageTest"/>
  <testcase name="LoginLogoTest" time="12.488" classname="com.guru99.qa.testcases.LoginPageTest"/>
  <testcase name="successfulLoginTest" time="14.047" classname="com.guru99.qa.testcases.LoginPageTest"/>
</testsuite> <!-- com.guru99.qa.testcases.LoginPageTest -->
