<?xml version="1.0" encoding="UTF-8"?>
<!-- Generated by org.testng.reporters.JUnitReportReporter -->
<testsuite skipped="0" hostname="DESKTOP-TVV01JP" name="com.guru99.qa.testcases.LoginPageTest" tests="3" failures="0" timestamp="10 Feb 2018 15:56:57 GMT" time="40.094" errors="0">
  <testcase name="LoginTitleTest" time="12.887" classname="com.guru99.qa.testcases.LoginPageTest"/>
  <testcase name="LoginLogoTest" time="12.290" classname="com.guru99.qa.testcases.LoginPageTest"/>
  <testcase name="successfulLoginTest" time="14.917" classname="com.guru99.qa.testcases.LoginPageTest"/>
</testsuite> <!-- com.guru99.qa.testcases.LoginPageTest -->
