<?xml version="1.0" encoding="UTF-8"?>
<!-- Generated by org.testng.reporters.JUnitReportReporter -->
<testsuite skipped="0" hostname="DESKTOP-TVV01JP" name="com.guru99.qa.testcases.ManagerPageTest" tests="2" failures="0" timestamp="10 Feb 2018 15:56:57 GMT" time="81.763" errors="0">
  <testcase name="LoggedUserTitleTest" time="15.589" classname="com.guru99.qa.testcases.ManagerPageTest"/>
  <testcase name="ManagerPageTitleTest" time="66.174" classname="com.guru99.qa.testcases.ManagerPageTest"/>
</testsuite> <!-- com.guru99.qa.testcases.ManagerPageTest -->
