<?xml version="1.0" encoding="UTF-8"?>
<!-- Generated by org.testng.reporters.JUnitReportReporter -->
<testsuite skipped="0" hostname="DESKTOP-TVV01JP" name="guru99.gittest.Guru99" tests="1" failures="0" timestamp="24 Jan 2018 21:17:35 GMT" time="1.726" errors="0">
  <testcase name="successfulLogin" time="1.726" classname="guru99.gittest.Guru99"/>
</testsuite> <!-- guru99.gittest.Guru99 -->
