<?xml version="1.0" encoding="UTF-8"?>
<!-- Generated by org.testng.reporters.JUnitReportReporter -->
<<<<<<< HEAD
<testsuite skipped="0" hostname="DESKTOP-TVV01JP" name="com.guru99.qa.testcases.LoginPageTest" tests="3" failures="0" timestamp="21 Feb 2018 08:45:20 GMT" time="49.691" errors="0">
  <testcase name="LoginTitleTest" time="23.334" classname="com.guru99.qa.testcases.LoginPageTest"/>
  <testcase name="LoginLogoTest" time="11.686" classname="com.guru99.qa.testcases.LoginPageTest"/>
  <testcase name="successfulLoginTest" time="14.671" classname="com.guru99.qa.testcases.LoginPageTest"/>
=======
<testsuite skipped="0" hostname="DESKTOP-TVV01JP" name="com.guru99.qa.testcases.LoginPageTest" tests="3" failures="0" timestamp="21 Feb 2018 08:39:03 GMT" time="62.035" errors="0">
  <testcase name="LoginTitleTest" time="24.765" classname="com.guru99.qa.testcases.LoginPageTest"/>
  <testcase name="LoginLogoTest" time="16.883" classname="com.guru99.qa.testcases.LoginPageTest"/>
  <testcase name="successfulLoginTest" time="20.387" classname="com.guru99.qa.testcases.LoginPageTest"/>
>>>>>>> master
</testsuite> <!-- com.guru99.qa.testcases.LoginPageTest -->
